#! /c/Source/iverilog-install/bin/vvp
:ivl_version "12.0 (devel)" "(s20150603-1539-g2693dd32b)";
:ivl_delay_selection "TYPICAL";
:vpi_time_precision + 0;
:vpi_module "D:\programs_exe\iverilog\lib\ivl\system.vpi";
:vpi_module "D:\programs_exe\iverilog\lib\ivl\vhdl_sys.vpi";
:vpi_module "D:\programs_exe\iverilog\lib\ivl\vhdl_textio.vpi";
:vpi_module "D:\programs_exe\iverilog\lib\ivl\v2005_math.vpi";
:vpi_module "D:\programs_exe\iverilog\lib\ivl\va_math.vpi";
S_00000151985e6120 .scope module, "decoder2to4" "decoder2to4" 2 5;
 .timescale 0 0;
    .port_info 0 /INPUT 2 "A";
    .port_info 1 /OUTPUT 4 "D";
o00000151985e70d8 .functor BUFZ 2, C4<zz>; HiZ drive
v00000151986be4f0_0 .net "A", 1 0, o00000151985e70d8;  0 drivers
o00000151985e7108 .functor BUFZ 4, C4<zzzz>; HiZ drive
v00000151986be590_0 .net "D", 3 0, o00000151985e7108;  0 drivers
v00000151986be630_0 .net "W", 3 0, L_00000151986be810;  1 drivers
L_00000151986be770 .part o00000151985e70d8, 0, 1;
L_00000151986be810 .part/pv L_00000151986be6d0, 2, 2, 4;
S_00000151985e62b0 .scope module, "dec1" "decoder1to2" 2 11, 2 17 0, S_00000151985e6120;
 .timescale 0 0;
    .port_info 0 /INPUT 1 "A";
    .port_info 1 /OUTPUT 2 "D";
L_00000151985b3270 .functor NOT 1, L_00000151986be770, C4<0>, C4<0>, C4<0>;
L_00000151986b93a0 .functor BUFZ 1, L_00000151986be770, C4<0>, C4<0>, C4<0>;
v00000151985b33b0_0 .net "A", 0 0, L_00000151986be770;  1 drivers
v00000151985b2dc0_0 .net "D", 1 0, L_00000151986be6d0;  1 drivers
v00000151986be3b0_0 .net *"_ivl_2", 0 0, L_00000151985b3270;  1 drivers
v00000151986be450_0 .net *"_ivl_8", 0 0, L_00000151986b93a0;  1 drivers
L_00000151986be6d0 .concat8 [ 1 1 0 0], L_00000151985b3270, L_00000151986b93a0;
# The file index is used to find the file name in the following table.
:file_names 3;
    "N/A";
    "<interactive>";
    "decoder.v";
