#! /c/Source/iverilog-install/bin/vvp
:ivl_version "12.0 (devel)" "(s20150603-1539-g2693dd32b)";
:ivl_delay_selection "TYPICAL";
:vpi_time_precision - 9;
:vpi_module "D:\programs_exe\iverilog\lib\ivl\system.vpi";
:vpi_module "D:\programs_exe\iverilog\lib\ivl\vhdl_sys.vpi";
:vpi_module "D:\programs_exe\iverilog\lib\ivl\vhdl_textio.vpi";
:vpi_module "D:\programs_exe\iverilog\lib\ivl\v2005_math.vpi";
:vpi_module "D:\programs_exe\iverilog\lib\ivl\va_math.vpi";
S_0000024842d45eb0 .scope module, "decoder1to2_test" "decoder1to2_test" 2 4;
 .timescale -9 -9;
v0000024842d46270_0 .var "A", 0 0;
v0000024842d41f60_0 .net "D", 1 0, L_0000024842d42000;  1 drivers
S_0000024842d46040 .scope module, "uut" "decoder1to2" 2 8, 3 5 0, S_0000024842d45eb0;
 .timescale -9 -9;
    .port_info 0 /INPUT 1 "A";
    .port_info 1 /OUTPUT 2 "D";
L_0000024842cfbf70 .functor NOT 1, v0000024842d46270_0, C4<0>, C4<0>, C4<0>;
L_0000024842d13430 .functor BUFZ 1, v0000024842d46270_0, C4<0>, C4<0>, C4<0>;
v0000024842cf8a10_0 .net "A", 0 0, v0000024842d46270_0;  1 drivers
v0000024842cf8ab0_0 .net "D", 1 0, L_0000024842d42000;  alias, 1 drivers
v0000024842d12e20_0 .net *"_ivl_2", 0 0, L_0000024842cfbf70;  1 drivers
v0000024842d461d0_0 .net *"_ivl_8", 0 0, L_0000024842d13430;  1 drivers
L_0000024842d42000 .concat8 [ 1 1 0 0], L_0000024842cfbf70, L_0000024842d13430;
    .scope S_0000024842d45eb0;
T_0 ;
    %vpi_call 2 11 "$dumpfile", "decoder1to2_tb.vcd" {0 0 0};
    %vpi_call 2 12 "$dumpvars", 32'sb00000000000000000000000000000000, S_0000024842d45eb0 {0 0 0};
    %pushi/vec4 1, 0, 1;
    %store/vec4 v0000024842d46270_0, 0, 1;
    %delay 20, 0;
    %pushi/vec4 0, 0, 1;
    %store/vec4 v0000024842d46270_0, 0, 1;
    %delay 20, 0;
    %vpi_call 2 16 "$display", "end of test" {0 0 0};
    %end;
    .thread T_0;
# The file index is used to find the file name in the following table.
:file_names 4;
    "N/A";
    "<interactive>";
    "decoder1to2_tb.v";
    "./decoder.v";
