#! /c/Source/iverilog-install/bin/vvp
:ivl_version "12.0 (devel)" "(s20150603-1539-g2693dd32b)";
:ivl_delay_selection "TYPICAL";
:vpi_time_precision - 9;
:vpi_module "D:\programs_exe\iverilog\lib\ivl\system.vpi";
:vpi_module "D:\programs_exe\iverilog\lib\ivl\vhdl_sys.vpi";
:vpi_module "D:\programs_exe\iverilog\lib\ivl\vhdl_textio.vpi";
:vpi_module "D:\programs_exe\iverilog\lib\ivl\v2005_math.vpi";
:vpi_module "D:\programs_exe\iverilog\lib\ivl\va_math.vpi";
S_000001a3c37079d0 .scope module, "greater_than_tb" "greater_than_tb" 2 4;
 .timescale -9 -9;
v000001a3c3706e70_0 .var "A", 1 0;
v000001a3c376adf0_0 .var "B", 1 0;
v000001a3c376af30_0 .net "F", 0 0, L_000001a3c34f9120;  1 drivers
S_000001a3c3716120 .scope module, "uut" "greater_than" 2 9, 3 1 0, S_000001a3c37079d0;
 .timescale -9 -9;
    .port_info 0 /INPUT 2 "A";
    .port_info 1 /INPUT 2 "B";
    .port_info 2 /OUTPUT 1 "F";
L_000001a3c34f9660 .functor NOT 1, L_000001a3c376b250, C4<0>, C4<0>, C4<0>;
L_000001a3c34f9a50 .functor AND 1, L_000001a3c376bc50, L_000001a3c34f9660, C4<1>, C4<1>;
L_000001a3c34f9430 .functor NOT 1, L_000001a3c376b2f0, C4<0>, C4<0>, C4<0>;
L_000001a3c34f9200 .functor AND 1, L_000001a3c376a350, L_000001a3c34f9430, C4<1>, C4<1>;
L_000001a3c34f9740 .functor NOT 1, L_000001a3c376a7b0, C4<0>, C4<0>, C4<0>;
L_000001a3c34f93c0 .functor AND 1, L_000001a3c34f9200, L_000001a3c34f9740, C4<1>, C4<1>;
L_000001a3c34f9970 .functor OR 1, L_000001a3c34f9a50, L_000001a3c34f93c0, C4<0>, C4<0>;
L_000001a3c34f9c80 .functor AND 1, L_000001a3c376aad0, L_000001a3c376a490, C4<1>, C4<1>;
L_000001a3c34f97b0 .functor NOT 1, L_000001a3c376a990, C4<0>, C4<0>, C4<0>;
L_000001a3c34f9b30 .functor AND 1, L_000001a3c34f9c80, L_000001a3c34f97b0, C4<1>, C4<1>;
L_000001a3c34f9120 .functor OR 1, L_000001a3c34f9970, L_000001a3c34f9b30, C4<0>, C4<0>;
v000001a3c3706bf0_0 .net "A", 1 0, v000001a3c3706e70_0;  1 drivers
v000001a3c3707690_0 .net "B", 1 0, v000001a3c376adf0_0;  1 drivers
v000001a3c3707190_0 .net "F", 0 0, L_000001a3c34f9120;  alias, 1 drivers
v000001a3c3707870_0 .net *"_ivl_1", 0 0, L_000001a3c376bc50;  1 drivers
v000001a3c3706c90_0 .net *"_ivl_11", 0 0, L_000001a3c376b2f0;  1 drivers
v000001a3c3706b50_0 .net *"_ivl_12", 0 0, L_000001a3c34f9430;  1 drivers
v000001a3c3706a10_0 .net *"_ivl_14", 0 0, L_000001a3c34f9200;  1 drivers
v000001a3c3706ab0_0 .net *"_ivl_17", 0 0, L_000001a3c376a7b0;  1 drivers
v000001a3c3707230_0 .net *"_ivl_18", 0 0, L_000001a3c34f9740;  1 drivers
v000001a3c3706d30_0 .net *"_ivl_20", 0 0, L_000001a3c34f93c0;  1 drivers
v000001a3c3707910_0 .net *"_ivl_22", 0 0, L_000001a3c34f9970;  1 drivers
v000001a3c37074b0_0 .net *"_ivl_25", 0 0, L_000001a3c376aad0;  1 drivers
v000001a3c3706dd0_0 .net *"_ivl_27", 0 0, L_000001a3c376a490;  1 drivers
v000001a3c3707410_0 .net *"_ivl_28", 0 0, L_000001a3c34f9c80;  1 drivers
v000001a3c3706fb0_0 .net *"_ivl_3", 0 0, L_000001a3c376b250;  1 drivers
v000001a3c37072d0_0 .net *"_ivl_31", 0 0, L_000001a3c376a990;  1 drivers
v000001a3c3707550_0 .net *"_ivl_32", 0 0, L_000001a3c34f97b0;  1 drivers
v000001a3c3707050_0 .net *"_ivl_34", 0 0, L_000001a3c34f9b30;  1 drivers
v000001a3c3707370_0 .net *"_ivl_4", 0 0, L_000001a3c34f9660;  1 drivers
v000001a3c37075f0_0 .net *"_ivl_6", 0 0, L_000001a3c34f9a50;  1 drivers
v000001a3c3707730_0 .net *"_ivl_9", 0 0, L_000001a3c376a350;  1 drivers
L_000001a3c376bc50 .part v000001a3c3706e70_0, 1, 1;
L_000001a3c376b250 .part v000001a3c376adf0_0, 1, 1;
L_000001a3c376a350 .part v000001a3c3706e70_0, 0, 1;
L_000001a3c376b2f0 .part v000001a3c376adf0_0, 0, 1;
L_000001a3c376a7b0 .part v000001a3c376adf0_0, 1, 1;
L_000001a3c376aad0 .part v000001a3c3706e70_0, 0, 1;
L_000001a3c376a490 .part v000001a3c3706e70_0, 1, 1;
L_000001a3c376a990 .part v000001a3c376adf0_0, 0, 1;
    .scope S_000001a3c37079d0;
T_0 ;
    %vpi_call 2 12 "$dumpfile", "greater_than_tb.vcd" {0 0 0};
    %vpi_call 2 13 "$dumpvars", 32'sb00000000000000000000000000000000, S_000001a3c37079d0 {0 0 0};
    %pushi/vec4 0, 0, 4;
    %split/vec4 2;
    %store/vec4 v000001a3c376adf0_0, 0, 2;
    %store/vec4 v000001a3c3706e70_0, 0, 2;
    %delay 20, 0;
    %pushi/vec4 1, 0, 4;
    %split/vec4 2;
    %store/vec4 v000001a3c376adf0_0, 0, 2;
    %store/vec4 v000001a3c3706e70_0, 0, 2;
    %delay 20, 0;
    %pushi/vec4 2, 0, 4;
    %split/vec4 2;
    %store/vec4 v000001a3c376adf0_0, 0, 2;
    %store/vec4 v000001a3c3706e70_0, 0, 2;
    %delay 20, 0;
    %pushi/vec4 3, 0, 4;
    %split/vec4 2;
    %store/vec4 v000001a3c376adf0_0, 0, 2;
    %store/vec4 v000001a3c3706e70_0, 0, 2;
    %delay 20, 0;
    %pushi/vec4 4, 0, 4;
    %split/vec4 2;
    %store/vec4 v000001a3c376adf0_0, 0, 2;
    %store/vec4 v000001a3c3706e70_0, 0, 2;
    %delay 20, 0;
    %pushi/vec4 5, 0, 4;
    %split/vec4 2;
    %store/vec4 v000001a3c376adf0_0, 0, 2;
    %store/vec4 v000001a3c3706e70_0, 0, 2;
    %delay 20, 0;
    %pushi/vec4 6, 0, 4;
    %split/vec4 2;
    %store/vec4 v000001a3c376adf0_0, 0, 2;
    %store/vec4 v000001a3c3706e70_0, 0, 2;
    %delay 20, 0;
    %pushi/vec4 7, 0, 4;
    %split/vec4 2;
    %store/vec4 v000001a3c376adf0_0, 0, 2;
    %store/vec4 v000001a3c3706e70_0, 0, 2;
    %delay 20, 0;
    %pushi/vec4 8, 0, 4;
    %split/vec4 2;
    %store/vec4 v000001a3c376adf0_0, 0, 2;
    %store/vec4 v000001a3c3706e70_0, 0, 2;
    %delay 20, 0;
    %pushi/vec4 9, 0, 4;
    %split/vec4 2;
    %store/vec4 v000001a3c376adf0_0, 0, 2;
    %store/vec4 v000001a3c3706e70_0, 0, 2;
    %delay 20, 0;
    %pushi/vec4 10, 0, 4;
    %split/vec4 2;
    %store/vec4 v000001a3c376adf0_0, 0, 2;
    %store/vec4 v000001a3c3706e70_0, 0, 2;
    %delay 20, 0;
    %pushi/vec4 11, 0, 4;
    %split/vec4 2;
    %store/vec4 v000001a3c376adf0_0, 0, 2;
    %store/vec4 v000001a3c3706e70_0, 0, 2;
    %delay 20, 0;
    %pushi/vec4 12, 0, 4;
    %split/vec4 2;
    %store/vec4 v000001a3c376adf0_0, 0, 2;
    %store/vec4 v000001a3c3706e70_0, 0, 2;
    %delay 20, 0;
    %pushi/vec4 13, 0, 4;
    %split/vec4 2;
    %store/vec4 v000001a3c376adf0_0, 0, 2;
    %store/vec4 v000001a3c3706e70_0, 0, 2;
    %delay 20, 0;
    %pushi/vec4 14, 0, 4;
    %split/vec4 2;
    %store/vec4 v000001a3c376adf0_0, 0, 2;
    %store/vec4 v000001a3c3706e70_0, 0, 2;
    %delay 20, 0;
    %pushi/vec4 15, 0, 4;
    %split/vec4 2;
    %store/vec4 v000001a3c376adf0_0, 0, 2;
    %store/vec4 v000001a3c3706e70_0, 0, 2;
    %delay 20, 0;
    %vpi_call 2 31 "$display", "Test is complete." {0 0 0};
    %end;
    .thread T_0;
# The file index is used to find the file name in the following table.
:file_names 4;
    "N/A";
    "<interactive>";
    "greater_than_tb.v";
    "./greater_than.v";
