#! /c/Source/iverilog-install/bin/vvp
:ivl_version "12.0 (devel)" "(s20150603-1539-g2693dd32b)";
:ivl_delay_selection "TYPICAL";
:vpi_time_precision + 0;
:vpi_module "D:\programs_exe\iverilog\lib\ivl\system.vpi";
:vpi_module "D:\programs_exe\iverilog\lib\ivl\vhdl_sys.vpi";
:vpi_module "D:\programs_exe\iverilog\lib\ivl\vhdl_textio.vpi";
:vpi_module "D:\programs_exe\iverilog\lib\ivl\v2005_math.vpi";
:vpi_module "D:\programs_exe\iverilog\lib\ivl\va_math.vpi";
S_0000018933b9e270 .scope module, "test" "test" 2 11;
 .timescale 0 0;
v0000018933a02a60_0 .var "A", 0 0;
v0000018933a02b00_0 .net "B", 0 0, L_0000018933a35420;  1 drivers
S_0000018933b9ed60 .scope module, "hello1" "hello" 2 15, 2 1 0, S_0000018933b9e270;
 .timescale 0 0;
    .port_info 0 /INPUT 1 "A";
    .port_info 1 /OUTPUT 1 "B";
L_0000018933a35420 .functor BUFZ 1, v0000018933a02a60_0, C4<0>, C4<0>, C4<0>;
v0000018933b9eef0_0 .net "A", 0 0, v0000018933a02a60_0;  1 drivers
v0000018933a029c0_0 .net "B", 0 0, L_0000018933a35420;  alias, 1 drivers
    .scope S_0000018933b9e270;
T_0 ;
    %vpi_call 2 21 "$dumpvars", 32'sb00000000000000000000000000000000, S_0000018933b9e270 {0 0 0};
    %pushi/vec4 0, 0, 1;
    %store/vec4 v0000018933a02a60_0, 0, 1;
    %delay 10, 0;
    %pushi/vec4 1, 0, 1;
    %store/vec4 v0000018933a02a60_0, 0, 1;
    %delay 10, 0;
    %vpi_call 2 26 "$monitor", "B is %b", v0000018933a02b00_0 {0 0 0};
    %pushi/vec4 0, 0, 1;
    %store/vec4 v0000018933a02a60_0, 0, 1;
    %delay 10, 0;
    %pushi/vec4 1, 0, 1;
    %store/vec4 v0000018933a02a60_0, 0, 1;
    %delay 10, 0;
    %end;
    .thread T_0;
# The file index is used to find the file name in the following table.
:file_names 3;
    "N/A";
    "<interactive>";
    "hello.v";
